<?xml version="1.0" encoding="UTF-8"?>
<!-- Generated by org.testng.reporters.JUnitReportReporter -->
<testsuite hostname="FULL" name="com.full.tests.HomePageTests" tests="2" failures="0" timestamp="11 Feb 2018 14:45:49 GMT" time="14.695" errors="0">
  <testcase name="login" time="1.070" classname="com.full.tests.HomePageTests"/>
  <testcase name="home" time="13.625" classname="com.full.tests.HomePageTests"/>
</testsuite> <!-- com.full.tests.HomePageTests -->
